2021-08-31 21:11:49,641 INFO o.a.j.u.JMeterUtils: Setting Locale to fr_FR
2021-08-31 21:11:49,658 INFO o.a.j.u.JMeterUtils: Could not find resources for 'fr_FR', using 'fr'
2021-08-31 21:11:49,658 INFO o.a.j.JMeter: Loading user properties from: user.properties
2021-08-31 21:11:49,658 INFO o.a.j.JMeter: Loading system properties from: system.properties
2021-08-31 21:11:49,659 INFO o.a.j.JMeter: Loading additional properties from: extra.properties
2021-08-31 21:11:49,659 WARN o.a.j.JMeter: Can't find additional property file: extra.properties
java.io.FileNotFoundException: extra.properties (Le fichier spécifié est introuvable)
	at java.io.FileInputStream.open0(Native Method) ~[?:1.8.0_241]
	at java.io.FileInputStream.open(FileInputStream.java:195) ~[?:1.8.0_241]
	at java.io.FileInputStream.<init>(FileInputStream.java:138) ~[?:1.8.0_241]
	at org.apache.jmeter.JMeter.initializeProperties(JMeter.java:867) [ApacheJMeter_core.jar:5.4.1]
	at org.apache.jmeter.JMeter.start(JMeter.java:474) [ApacheJMeter_core.jar:5.4.1]
	at sun.reflect.NativeMethodAccessorImpl.invoke0(Native Method) ~[?:1.8.0_241]
	at sun.reflect.NativeMethodAccessorImpl.invoke(NativeMethodAccessorImpl.java:62) ~[?:1.8.0_241]
	at sun.reflect.DelegatingMethodAccessorImpl.invoke(DelegatingMethodAccessorImpl.java:43) ~[?:1.8.0_241]
	at java.lang.reflect.Method.invoke(Method.java:498) ~[?:1.8.0_241]
	at org.apache.jmeter.NewDriver.main(NewDriver.java:254) [ApacheJMeter.jar:5.4.1]
2021-08-31 21:11:49,660 INFO o.a.j.JMeter: Setting JMeter property: jmeter.save.saveservice.output_format=xml
2021-08-31 21:11:49,660 INFO o.a.j.JMeter: Setting JMeter property: jmeter.save.saveservice.assertion_results=all
2021-08-31 21:11:49,660 INFO o.a.j.JMeter: Setting JMeter property: jmeter.save.saveservice.bytes=true
2021-08-31 21:11:49,660 INFO o.a.j.JMeter: Setting JMeter property: file_format.testlog=2.1
2021-08-31 21:11:49,662 INFO o.a.j.JMeter: Setting JMeter property: jmeter.save.saveservice.response_data.on_error=false
2021-08-31 21:11:49,670 INFO o.a.j.JMeter: Copyright (c) 1998-2021 The Apache Software Foundation
2021-08-31 21:11:49,670 INFO o.a.j.JMeter: Version 5.4.1
2021-08-31 21:11:49,670 INFO o.a.j.JMeter: java.version=1.8.0_241
2021-08-31 21:11:49,670 INFO o.a.j.JMeter: java.vm.name=Java HotSpot(TM) 64-Bit Server VM
2021-08-31 21:11:49,670 INFO o.a.j.JMeter: os.name=Windows 10
2021-08-31 21:11:49,670 INFO o.a.j.JMeter: os.arch=amd64
2021-08-31 21:11:49,670 INFO o.a.j.JMeter: os.version=10.0
2021-08-31 21:11:49,670 INFO o.a.j.JMeter: file.encoding=Cp1252
2021-08-31 21:11:49,670 INFO o.a.j.JMeter: java.awt.headless=true
2021-08-31 21:11:49,670 INFO o.a.j.JMeter: Max memory     =129761280
2021-08-31 21:11:49,670 INFO o.a.j.JMeter: Available Processors =8
2021-08-31 21:11:49,674 INFO o.a.j.JMeter: Default Locale=français (France)
2021-08-31 21:11:49,674 INFO o.a.j.JMeter: JMeter  Locale=français (France)
2021-08-31 21:11:49,674 INFO o.a.j.JMeter: JMeterHome=E:\LIBnourCLEAN
2021-08-31 21:11:49,674 INFO o.a.j.JMeter: user.dir  =E:\LIBnourCLEAN\bin
2021-08-31 21:11:49,674 INFO o.a.j.JMeter: PWD       =E:\LIBnourCLEAN\bin
2021-08-31 21:11:54,240 INFO o.a.j.JMeter: IP: 192.168.211.1 Name: DESKTOP-IO9MP1C FullName: DESKTOP-IO9MP1C
2021-08-31 21:11:54,255 INFO o.a.j.s.FileServer: Default base='E:\LIBnourCLEAN\bin'
2021-08-31 21:11:54,257 INFO o.a.j.s.FileServer: Set new base='E:\LIBnourCLEAN\Nour2\Test'
2021-08-31 21:11:54,411 INFO o.a.j.s.SaveService: Testplan (JMX) version: 2.2. Testlog (JTL) version: 2.2
2021-08-31 21:11:54,426 INFO o.a.j.s.SaveService: Using SaveService properties file encoding UTF-8
2021-08-31 21:11:54,426 INFO o.a.j.s.SaveService: Using SaveService properties version 5.0
2021-08-31 21:11:54,432 INFO o.a.j.s.SaveService: Loading file: E:\LIBnourCLEAN\Nour2\Test\testRapide.jmx
2021-08-31 21:11:54,461 INFO o.a.j.p.h.c.CookieManager: Settings: Delete null: true Check: true Allow variable: true Save: false Prefix: COOKIE_
2021-08-31 21:11:54,471 INFO o.a.j.p.h.s.HTTPSamplerBase: Parser for text/html is org.apache.jmeter.protocol.http.parser.LagartoBasedHtmlParser
2021-08-31 21:11:54,471 INFO o.a.j.p.h.s.HTTPSamplerBase: Parser for application/xhtml+xml is org.apache.jmeter.protocol.http.parser.LagartoBasedHtmlParser
2021-08-31 21:11:54,471 INFO o.a.j.p.h.s.HTTPSamplerBase: Parser for application/xml is org.apache.jmeter.protocol.http.parser.LagartoBasedHtmlParser
2021-08-31 21:11:54,471 INFO o.a.j.p.h.s.HTTPSamplerBase: Parser for text/xml is org.apache.jmeter.protocol.http.parser.LagartoBasedHtmlParser
2021-08-31 21:11:54,471 INFO o.a.j.p.h.s.HTTPSamplerBase: Parser for text/vnd.wap.wml is org.apache.jmeter.protocol.http.parser.RegexpHTMLParser
2021-08-31 21:11:54,471 INFO o.a.j.p.h.s.HTTPSamplerBase: Parser for text/css is org.apache.jmeter.protocol.http.parser.CssParser
2021-08-31 21:11:54,555 INFO o.a.j.JMeter: Creating summariser <summary>
2021-08-31 21:11:54,560 INFO o.a.j.e.StandardJMeterEngine: Running the test!
2021-08-31 21:11:54,561 INFO o.a.j.s.SampleEvent: List of sample_variables: []
2021-08-31 21:11:54,561 INFO o.a.j.s.SampleEvent: List of sample_variables: []
2021-08-31 21:11:54,565 INFO o.a.j.e.u.CompoundVariable: Note: Function class names must contain the string: '.functions.'
2021-08-31 21:11:54,566 INFO o.a.j.e.u.CompoundVariable: Note: Function class names must not contain the string: '.gui.'
2021-08-31 21:11:54,857 INFO o.a.j.JMeter: Lancer test (1630440714857)
2021-08-31 21:11:54,897 INFO o.a.j.e.StandardJMeterEngine: Starting ThreadGroup: 1 : Thread Group
2021-08-31 21:11:54,898 INFO o.a.j.e.StandardJMeterEngine: Starting 1 threads for group Thread Group.
2021-08-31 21:11:54,898 INFO o.a.j.e.StandardJMeterEngine: Thread will continue on error
2021-08-31 21:11:54,898 INFO o.a.j.t.ThreadGroup: Starting thread group... number=1 threads=1 ramp-up=1 delayedStart=false
2021-08-31 21:11:54,905 INFO o.a.j.t.ThreadGroup: Started thread group number 1
2021-08-31 21:11:54,905 INFO o.a.j.e.StandardJMeterEngine: All thread groups have been started
2021-08-31 21:11:54,910 INFO o.a.j.t.JMeterThread: Thread started: Thread Group 1-1
2021-08-31 21:11:54,924 INFO o.a.j.p.h.s.HTTPJavaImpl: Maximum connection retries = 0
2021-08-31 21:11:54,926 INFO o.a.j.s.SampleResult: Note: Sample TimeStamps are START times
2021-08-31 21:11:54,926 INFO o.a.j.s.SampleResult: sampleresult.default.encoding is set to ISO-8859-1
2021-08-31 21:11:54,926 INFO o.a.j.s.SampleResult: sampleresult.useNanoTime=true
2021-08-31 21:11:54,926 INFO o.a.j.s.SampleResult: sampleresult.nanoThreadSleep=5000
2021-08-31 21:11:54,931 INFO o.a.j.u.JsseSSLManager: Using default SSL protocol: TLS
2021-08-31 21:11:54,931 INFO o.a.j.u.JsseSSLManager: SSL session context: per-thread
2021-08-31 21:11:55,673 INFO o.a.j.u.SSLManager: JmeterKeyStore Location:  type JKS
2021-08-31 21:11:55,680 INFO o.a.j.u.SSLManager: KeyStore created OK
2021-08-31 21:11:55,680 WARN o.a.j.u.SSLManager: Keystore file not found, loading empty keystore
2021-08-31 21:11:59,182 INFO o.a.j.p.h.c.HC4CookieHandler: Not storing invalid cookie: <1P_JAR=2021-08-31-20; expires=Thu, 30-Sep-2021 20:11:58 GMT; path=/; domain=.google.com; Secure; SameSite=none> for URL https://www.google.com/search?q=facebook&source=hp&ei=dfknYb_WGN_Zz7sP6uezoAQ&iflsig=AINFCbYAAAAAYSgHhUD5VHggwkYxjsDFNK5OqENLH6a6&gs_ssp=eJzj4tLP1TfIyK1MKy5TYDRgdGDw4khLTE5Nys_PBgBmYAfL&oq=fa&gs_lcp=Cgdnd3Mtd2l6EAMYADIUCC4QgAQQsQMQgwEQxwEQ0QMQkwIyCAgAEIAEELEDMggIABCABBCxAzILCAAQgAQQsQMQgwEyCAgAEIAEELEDMgUILhCABDIICAAQgAQQsQMyBQgAEIAEMgUIABCABDIICC4QgAQQsQM6EQguEIAEELEDEIMBEMcBENEDUO82WMg4YOpCaAFwAHgAgAFviAHbAZIBAzAuMpgBAKABAbABAA&sclient=gws-wiz (Cookie name may not contain blanks)
2021-08-31 21:11:59,184 INFO o.a.j.p.h.c.HC4CookieHandler: Not storing invalid cookie: <NID=222=rjFCJxB95uAvHhHNPycS74KavvGox3sUGvJswQ5dRnqaNsbnnUz78qsmv3H7T4UwZl7h5tJ1hGjAyOboh1hnPmqO-1mkenR8bCcmladtHRfvahfCV2CgNV2Fqe5kdP8f1F6obIzDYNKnxd9ApWjVPWJU-XwLhwuEczDgHN8zGHI; expires=Wed, 02-Mar-2022 20:11:58 GMT; path=/; domain=.google.com; Secure; HttpOnly; SameSite=none> for URL https://www.google.com/search?q=facebook&source=hp&ei=dfknYb_WGN_Zz7sP6uezoAQ&iflsig=AINFCbYAAAAAYSgHhUD5VHggwkYxjsDFNK5OqENLH6a6&gs_ssp=eJzj4tLP1TfIyK1MKy5TYDRgdGDw4khLTE5Nys_PBgBmYAfL&oq=fa&gs_lcp=Cgdnd3Mtd2l6EAMYADIUCC4QgAQQsQMQgwEQxwEQ0QMQkwIyCAgAEIAEELEDMggIABCABBCxAzILCAAQgAQQsQMQgwEyCAgAEIAEELEDMgUILhCABDIICAAQgAQQsQMyBQgAEIAEMgUIABCABDIICC4QgAQQsQM6EQguEIAEELEDEIMBEMcBENEDUO82WMg4YOpCaAFwAHgAgAFviAHbAZIBAzAuMpgBAKABAbABAA&sclient=gws-wiz (Cookie name may not contain blanks)
2021-08-31 21:11:59,959 INFO o.a.j.p.h.c.HC4CookieHandler: Not storing invalid cookie: <1P_JAR=2021-08-31-20; expires=Thu, 30-Sep-2021 20:11:59 GMT; path=/; domain=.google.com; Secure; SameSite=none> for URL https://www.google.com/search?q=facebook&source=hp&ei=dfknYb_WGN_Zz7sP6uezoAQ&iflsig=AINFCbYAAAAAYSgHhUD5VHggwkYxjsDFNK5OqENLH6a6&gs_ssp=eJzj4tLP1TfIyK1MKy5TYDRgdGDw4khLTE5Nys_PBgBmYAfL&oq=fa&gs_lcp=Cgdnd3Mtd2l6EAMYADIUCC4QgAQQsQMQgwEQxwEQ0QMQkwIyCAgAEIAEELEDMggIABCABBCxAzILCAAQgAQQsQMQgwEyCAgAEIAEELEDMgUILhCABDIICAAQgAQQsQMyBQgAEIAEMgUIABCABDIICC4QgAQQsQM6EQguEIAEELEDEIMBEMcBENEDUO82WMg4YOpCaAFwAHgAgAFviAHbAZIBAzAuMpgBAKABAbABAA&sclient=gws-wiz%23spf%3D1630009726213 (Cookie name may not contain blanks)
2021-08-31 21:11:59,961 INFO o.a.j.p.h.c.HC4CookieHandler: Not storing invalid cookie: <NID=222=Bbx3fOQNu0jwnKVwiwdi3vQqUp1Ik7XApRTHcuNaOz0A6xsSCoD-TNteJNEdHq66aHsRWd2Y6HZ1wfQndILJSwRvSHJylma6vPJnMHhG-oXg_8IIi7x5beAY0XDtf4a-ypXf7RoAyUHT0RpUYKHeuqAvvFYZ63lRAlp27eztrdc; expires=Wed, 02-Mar-2022 20:11:59 GMT; path=/; domain=.google.com; Secure; HttpOnly; SameSite=none> for URL https://www.google.com/search?q=facebook&source=hp&ei=dfknYb_WGN_Zz7sP6uezoAQ&iflsig=AINFCbYAAAAAYSgHhUD5VHggwkYxjsDFNK5OqENLH6a6&gs_ssp=eJzj4tLP1TfIyK1MKy5TYDRgdGDw4khLTE5Nys_PBgBmYAfL&oq=fa&gs_lcp=Cgdnd3Mtd2l6EAMYADIUCC4QgAQQsQMQgwEQxwEQ0QMQkwIyCAgAEIAEELEDMggIABCABBCxAzILCAAQgAQQsQMQgwEyCAgAEIAEELEDMgUILhCABDIICAAQgAQQsQMyBQgAEIAEMgUIABCABDIICC4QgAQQsQM6EQguEIAEELEDEIMBEMcBENEDUO82WMg4YOpCaAFwAHgAgAFviAHbAZIBAzAuMpgBAKABAbABAA&sclient=gws-wiz%23spf%3D1630009726213 (Cookie name may not contain blanks)
2021-08-31 21:12:00,056 INFO o.a.j.r.Summariser: summary +     10 in 00:00:05 =    1,9/s Avg:   505 Min:     0 Max:  2547 Err:     4 (40,00%) Active: 1 Started: 1 Finished: 0
2021-08-31 21:12:00,983 INFO o.a.j.p.h.c.HC4CookieHandler: Not storing invalid cookie: <datr=EI0uYQ6PXPl2zbChZ4xxjSDw; expires=Thu, 31-Aug-2023 20:12:00 GMT; Max-Age=63072000; path=/; domain=.facebook.com; secure; httponly> for URL https://fr-fr.facebook.com/ (Cookie name may not contain blanks)
2021-08-31 21:12:00,984 INFO o.a.j.p.h.c.HC4CookieHandler: Not storing invalid cookie: <fr=1AOHcf2gCHgCfhJbG..BhLo0Q.Cf.AAA.0.0.BhLo0Q.AWV_cNLinvw; expires=Mon, 29-Nov-2021 20:11:59 GMT; Max-Age=7775999; path=/; domain=.facebook.com; secure; httponly> for URL https://fr-fr.facebook.com/ (Cookie name may not contain blanks)
2021-08-31 21:12:00,984 INFO o.a.j.p.h.c.HC4CookieHandler: Not storing invalid cookie: <sb=EI0uYV4ktC4dLOLJs5Mta53O; expires=Thu, 31-Aug-2023 20:12:00 GMT; Max-Age=63072000; path=/; domain=.facebook.com; secure; httponly> for URL https://fr-fr.facebook.com/ (Cookie name may not contain blanks)
2021-08-31 21:12:01,170 INFO o.a.j.p.h.s.HTTPJavaImpl: Error Response Code: 404
2021-08-31 21:12:01,182 INFO o.a.j.p.h.c.HC4CookieHandler: Not storing invalid cookie: <datr=EY0uYaGWNqJZni0ryvLT-zde; expires=Thu, 31-Aug-2023 20:12:01 GMT; Max-Age=63072000; path=/; domain=.facebook.com; secure; httponly> for URL https://m.facebook.com/a/bz (Cookie name may not contain blanks)
2021-08-31 21:12:01,400 INFO o.a.j.p.h.s.HTTPJavaImpl: Error Response Code: 404
2021-08-31 21:12:01,641 INFO o.a.j.p.h.s.HTTPJavaImpl: Error Response Code: 404
2021-08-31 21:12:01,888 INFO o.a.j.p.h.s.HTTPJavaImpl: Error Response Code: 404
2021-08-31 21:12:02,096 INFO o.a.j.p.h.s.HTTPJavaImpl: Error Response Code: 404
2021-08-31 21:12:02,316 INFO o.a.j.p.h.s.HTTPJavaImpl: Error Response Code: 404
2021-08-31 21:12:02,509 INFO o.a.j.p.h.s.HTTPJavaImpl: Error Response Code: 404
2021-08-31 21:12:02,655 INFO o.a.j.p.h.s.HTTPJavaImpl: Error Response Code: 404
2021-08-31 21:12:02,869 INFO o.a.j.p.h.s.HTTPJavaImpl: Error Response Code: 404
2021-08-31 21:12:03,060 INFO o.a.j.p.h.s.HTTPJavaImpl: Error Response Code: 404
2021-08-31 21:12:03,266 INFO o.a.j.p.h.s.HTTPJavaImpl: Error Response Code: 404
2021-08-31 21:12:03,484 INFO o.a.j.p.h.s.HTTPJavaImpl: Error Response Code: 404
2021-08-31 21:12:04,577 INFO o.a.j.p.h.c.HC4CookieHandler: Not storing invalid cookie: <datr=FI0uYXZittHAwYe1KSrQJWjF; expires=Thu, 31-Aug-2023 20:12:04 GMT; Max-Age=63072000; path=/; domain=.facebook.com; secure; httponly> for URL https://m.facebook.com/login/device-based/login/async/?refsrc=deprecated&lwv=100 (Cookie name may not contain blanks)
2021-08-31 21:12:04,577 INFO o.a.j.p.h.c.HC4CookieHandler: Not storing invalid cookie: <fr=1ps20Is62zkes1T27..BhLo0U.Oe.AAA.0.0.BhLo0U.AWXa_1FoCdg; expires=Mon, 29-Nov-2021 20:12:03 GMT; Max-Age=7775999; path=/; domain=.facebook.com; secure; httponly> for URL https://m.facebook.com/login/device-based/login/async/?refsrc=deprecated&lwv=100 (Cookie name may not contain blanks)
2021-08-31 21:12:04,578 INFO o.a.j.p.h.c.HC4CookieHandler: Not storing invalid cookie: <sb=FI0uYWX5SoD5uV7rCandB5es; expires=Thu, 31-Aug-2023 20:12:04 GMT; Max-Age=63072000; path=/; domain=.facebook.com; secure; httponly> for URL https://m.facebook.com/login/device-based/login/async/?refsrc=deprecated&lwv=100 (Cookie name may not contain blanks)
2021-08-31 21:12:04,802 INFO o.a.j.p.h.s.HTTPJavaImpl: Error Response Code: 404
2021-08-31 21:12:05,002 INFO o.a.j.p.h.s.HTTPJavaImpl: Error Response Code: 404
2021-08-31 21:12:05,193 INFO o.a.j.p.h.s.HTTPJavaImpl: Error Response Code: 404
2021-08-31 21:12:05,430 INFO o.a.j.p.h.s.HTTPJavaImpl: Error Response Code: 404
2021-08-31 21:12:05,618 INFO o.a.j.p.h.s.HTTPJavaImpl: Error Response Code: 404
2021-08-31 21:12:06,024 INFO o.a.j.p.h.c.HC4CookieHandler: Not storing invalid cookie: <datr=Fo0uYeBNDDbLlS6q711aqyZq; expires=Thu, 31-Aug-2023 20:12:06 GMT; Max-Age=63072000; path=/; domain=.facebook.com; secure; httponly> for URL https://m.facebook.com/login/identify/multi_confirm/?cuids%5B0%5D=AYgjY0ISQrI28tiHOVKz9av_zSyDn4f8YMQLdSJiDzp_D7hVkyjZv00DWPwjFd8DnGf0jM7Lwg0JQl4QV1-I3IYMiDX8VHtYzdObZaOQXVKrnoMdnqJ-6IRiYHqNDBdZpVL2E6JoBQmMs87jVV9O_jS8Eeap3oIvdxx4Igngm6HooMVxuCidbGjL9BauvvMvGvd8Lw0l7DP1s7NH_uTxJVFA&cuids%5B1%5D=AYjY6MEHQkTgz2BQZVJHE6kVoB0nMg9_KLShN_37SNbHYWdEA2ixvZVyM-lmVxCbQriTRYH0RyAbH_CWx2mjjd9S9fxsi_5xsBfZEfz_j16JeKNqYIYtpPFr2MUvmR_jpoUFyjdUy4oa07IOpxQI6Ujk70kf6_JyK3k3Nw7OR38IPj8gQM22b9DXgwkxLzt4o-l8Ei2vWbYISKgnBvIEX2YM&identifier=dde%40yahoo.com&al_flow=al_multiple_pw_conf&__m_async_page__=&__big_pipe_on__=&fb_dtsg_ag=AQwZZ8idgpwxcZV9yO54hnUMKwIgRb6QecaOTxeZP6A5RoQ2%3A0%3A0&jazoest=24417&__dyn=0wzpaBwk8aU4ifDg9ppk2m3q12wAxu13w9y1DxW0Oohx60kO4o3Bw4Ewk9E4W0om0MU0D2US1kw5Kwwyo1co6K0SU2swp817U2ew5fw5NyE&__csr=&__req=m&__a=AYmSUkkuFOZdgg1CNMuKX4iDWp8nrj1I4M8y9Ge33sEtb3Ahq2GXwmhow07ZIGTKcVX5TnOdHk_hysdXRfbEa5TUNyjtOCBRi4jnFDvI_47rZQ&__user=0 (Cookie name may not contain blanks)
2021-08-31 21:12:06,024 INFO o.a.j.p.h.c.HC4CookieHandler: Not storing invalid cookie: <fr=1Ifq3E51nQYnp3tqI..BhLo0W.ln.AAA.0.0.BhLo0W.AWUpvPt2LKQ; expires=Mon, 29-Nov-2021 20:12:05 GMT; Max-Age=7775999; path=/; domain=.facebook.com; secure; httponly> for URL https://m.facebook.com/login/identify/multi_confirm/?cuids%5B0%5D=AYgjY0ISQrI28tiHOVKz9av_zSyDn4f8YMQLdSJiDzp_D7hVkyjZv00DWPwjFd8DnGf0jM7Lwg0JQl4QV1-I3IYMiDX8VHtYzdObZaOQXVKrnoMdnqJ-6IRiYHqNDBdZpVL2E6JoBQmMs87jVV9O_jS8Eeap3oIvdxx4Igngm6HooMVxuCidbGjL9BauvvMvGvd8Lw0l7DP1s7NH_uTxJVFA&cuids%5B1%5D=AYjY6MEHQkTgz2BQZVJHE6kVoB0nMg9_KLShN_37SNbHYWdEA2ixvZVyM-lmVxCbQriTRYH0RyAbH_CWx2mjjd9S9fxsi_5xsBfZEfz_j16JeKNqYIYtpPFr2MUvmR_jpoUFyjdUy4oa07IOpxQI6Ujk70kf6_JyK3k3Nw7OR38IPj8gQM22b9DXgwkxLzt4o-l8Ei2vWbYISKgnBvIEX2YM&identifier=dde%40yahoo.com&al_flow=al_multiple_pw_conf&__m_async_page__=&__big_pipe_on__=&fb_dtsg_ag=AQwZZ8idgpwxcZV9yO54hnUMKwIgRb6QecaOTxeZP6A5RoQ2%3A0%3A0&jazoest=24417&__dyn=0wzpaBwk8aU4ifDg9ppk2m3q12wAxu13w9y1DxW0Oohx60kO4o3Bw4Ewk9E4W0om0MU0D2US1kw5Kwwyo1co6K0SU2swp817U2ew5fw5NyE&__csr=&__req=m&__a=AYmSUkkuFOZdgg1CNMuKX4iDWp8nrj1I4M8y9Ge33sEtb3Ahq2GXwmhow07ZIGTKcVX5TnOdHk_hysdXRfbEa5TUNyjtOCBRi4jnFDvI_47rZQ&__user=0 (Cookie name may not contain blanks)
2021-08-31 21:12:06,343 INFO o.a.j.p.h.s.HTTPJavaImpl: Error Response Code: 404
2021-08-31 21:12:06,365 INFO o.a.j.t.JMeterThread: Thread is done: Thread Group 1-1
2021-08-31 21:12:06,365 INFO o.a.j.t.JMeterThread: Thread finished: Thread Group 1-1
2021-08-31 21:12:06,365 INFO o.a.j.e.StandardJMeterEngine: Notifying test listeners of end of test
2021-08-31 21:12:06,369 INFO o.a.j.r.Summariser: summary +     22 in 00:00:06 =    3,5/s Avg:   283 Min:   147 Max:  1087 Err:    18 (81,82%) Active: 0 Started: 1 Finished: 1
2021-08-31 21:12:06,370 INFO o.a.j.r.Summariser: summary =     32 in 00:00:12 =    2,8/s Avg:   352 Min:     0 Max:  2547 Err:    22 (68,75%)
